Conversão do Solid Edge para o STEP
Data: domingo,junho 30,2019 01:51
Arquivo de saída: C:\Users\PC\Documents\Pcb seguidor git\Seguidor_IronCup\Placa central\Placa_central_v01\libraries\Sensores_e_componentes_SL.pretty\BotaoOnOff.stp
Autor: Unknown
Organização: Unknown
Sistema de origem: Solid Edge

Hardware:
Processador: Intel(R) Core(TM) i5-6200U CPU @ 2.30GHz
Sistema operacional: Windows 8
Memória instalada: 7.88 GB

Informações do software
Versão do Parasolid: 30.1.256
Versão do PSBodyShop: 30.1.94
Versão do Adaptador de Passo: 4.0.40
Versão do Solid Edge: 219.00.01.006 x64

Opções de exportação do STEP
Exportar Formato: AP214
Exportar folhas de construção: Desativado
Exportar sólidos de construção: Desativado
Exportar fios de construção: Desativado
Exportar somente peças exibidas: Desativado
Exportar unidades: Millimeters
Exportar Nomes de Componente de Peça como Unicode: Desativado

Fase 1 de 1 Convertendo Parasolid em tipos de dados externos...
Processo de conversão completo
Tempo necessário para converter:00 : 00 : 01
